<?xml version="1.0" encoding="UTF-8"?>
<!-- Generated by org.testng.reporters.JUnitReportReporter -->
<testsuite hostname="LIPU-PC" failures="0" tests="1" name="testRunner3.TestRunner4" time="7.134" errors="0" timestamp="2022-12-26T00:21:32 EST" skipped="0">
  <testcase classname="testRunner3.TestRunner4" name="feature" time="7.134"/>
  <system-out/>
</testsuite> <!-- testRunner3.TestRunner4 -->
